2025-06-21 00:22:54 INFO  TC_001_AccountRegistration:18 - **** Starting TC001_AccountRegistrationTest  ****
2025-06-21 00:22:54 DEBUG TC_001_AccountRegistration:19 - This is a debug log message
2025-06-21 00:22:54 INFO  TC_001_AccountRegistration:25 - Clicked on My Account link...
2025-06-21 00:22:58 INFO  TC_001_AccountRegistration:28 - Clicked on Register...
2025-06-21 00:22:58 INFO  TC_001_AccountRegistration:32 - Providing customer details...
2025-06-21 00:22:59 INFO  TC_001_AccountRegistration:47 - Validating expected Message... 
2025-06-21 00:22:59 INFO  TC_001_AccountRegistration:62 - Test Passed...
2025-06-21 00:22:59 INFO  TC_001_AccountRegistration:69 - ***** Finished TC001_AccountRegistrationTest *****
2025-06-21 00:23:02 INFO  TC_002_LoginTest:16 - **** Starting TC_002_LoginTest  ****
2025-06-21 00:23:02 DEBUG TC_002_LoginTest:17 - Capturing apllication debug logs
2025-06-21 00:23:02 INFO  TC_002_LoginTest:22 - Clicking on My account link in Home page...
2025-06-21 00:23:02 INFO  TC_002_LoginTest:24 - Clicking on Login link on Home page...
2025-06-21 00:23:02 INFO  TC_002_LoginTest:29 - Entering valid email id and password in Login page...
2025-06-21 00:23:02 INFO  TC_002_LoginTest:33 - Clicked on Login button in Login page...
2025-06-21 00:23:03 INFO  TC_002_LoginTest:45 - **** Finished TC_002_LoginTest  ****
2025-06-21 00:26:32 INFO  TC_001_AccountRegistration:18 - **** Starting TC001_AccountRegistrationTest  ****
2025-06-21 00:26:32 DEBUG TC_001_AccountRegistration:19 - This is a debug log message
2025-06-21 00:26:32 INFO  TC_001_AccountRegistration:25 - Clicked on My Account link...
2025-06-21 00:26:32 INFO  TC_001_AccountRegistration:28 - Clicked on Register...
2025-06-21 00:26:32 INFO  TC_001_AccountRegistration:32 - Providing customer details...
2025-06-21 00:26:34 INFO  TC_001_AccountRegistration:47 - Validating expected Message... 
2025-06-21 00:26:34 INFO  TC_001_AccountRegistration:62 - Test Passed...
2025-06-21 00:26:34 INFO  TC_001_AccountRegistration:69 - ***** Finished TC001_AccountRegistrationTest *****
2025-06-21 00:26:36 INFO  TC_002_LoginTest:16 - **** Starting TC_002_LoginTest  ****
2025-06-21 00:26:36 DEBUG TC_002_LoginTest:17 - Capturing apllication debug logs
2025-06-21 00:26:36 INFO  TC_002_LoginTest:22 - Clicking on My account link in Home page...
2025-06-21 00:26:36 INFO  TC_002_LoginTest:24 - Clicking on Login link on Home page...
2025-06-21 00:26:36 INFO  TC_002_LoginTest:29 - Entering valid email id and password in Login page...
2025-06-21 00:26:36 INFO  TC_002_LoginTest:33 - Clicked on Login button in Login page...
2025-06-21 00:26:37 INFO  TC_002_LoginTest:45 - **** Finished TC_002_LoginTest  ****
2025-06-21 00:27:00 INFO  TC_001_AccountRegistration:18 - **** Starting TC001_AccountRegistrationTest  ****
2025-06-21 00:27:00 DEBUG TC_001_AccountRegistration:19 - This is a debug log message
2025-06-21 00:27:00 INFO  TC_001_AccountRegistration:25 - Clicked on My Account link...
2025-06-21 00:27:01 INFO  TC_001_AccountRegistration:28 - Clicked on Register...
2025-06-21 00:27:01 INFO  TC_001_AccountRegistration:32 - Providing customer details...
2025-06-21 00:27:02 INFO  TC_001_AccountRegistration:47 - Validating expected Message... 
2025-06-21 00:27:02 INFO  TC_001_AccountRegistration:62 - Test Passed...
2025-06-21 00:27:02 INFO  TC_001_AccountRegistration:69 - ***** Finished TC001_AccountRegistrationTest *****
2025-06-21 00:27:04 INFO  TC_002_LoginTest:16 - **** Starting TC_002_LoginTest  ****
2025-06-21 00:27:04 DEBUG TC_002_LoginTest:17 - Capturing apllication debug logs
2025-06-21 00:27:04 INFO  TC_002_LoginTest:22 - Clicking on My account link in Home page...
2025-06-21 00:27:04 INFO  TC_002_LoginTest:24 - Clicking on Login link on Home page...
2025-06-21 00:27:05 INFO  TC_002_LoginTest:29 - Entering valid email id and password in Login page...
2025-06-21 00:27:05 INFO  TC_002_LoginTest:33 - Clicked on Login button in Login page...
2025-06-21 00:27:06 INFO  TC_002_LoginTest:45 - **** Finished TC_002_LoginTest  ****
2025-06-21 00:27:27 INFO  TC_001_AccountRegistration:18 - **** Starting TC001_AccountRegistrationTest  ****
2025-06-21 00:27:27 DEBUG TC_001_AccountRegistration:19 - This is a debug log message
2025-06-21 00:27:27 INFO  TC_001_AccountRegistration:25 - Clicked on My Account link...
2025-06-21 00:27:28 INFO  TC_001_AccountRegistration:28 - Clicked on Register...
2025-06-21 00:27:28 INFO  TC_001_AccountRegistration:32 - Providing customer details...
2025-06-21 00:27:29 INFO  TC_001_AccountRegistration:47 - Validating expected Message... 
2025-06-21 00:27:29 INFO  TC_001_AccountRegistration:62 - Test Passed...
2025-06-21 00:27:29 INFO  TC_001_AccountRegistration:69 - ***** Finished TC001_AccountRegistrationTest *****
2025-06-21 00:27:31 INFO  TC_002_LoginTest:16 - **** Starting TC_002_LoginTest  ****
2025-06-21 00:27:31 DEBUG TC_002_LoginTest:17 - Capturing apllication debug logs
2025-06-21 00:27:31 INFO  TC_002_LoginTest:22 - Clicking on My account link in Home page...
2025-06-21 00:27:31 INFO  TC_002_LoginTest:24 - Clicking on Login link on Home page...
2025-06-21 00:27:31 INFO  TC_002_LoginTest:29 - Entering valid email id and password in Login page...
2025-06-21 00:27:32 INFO  TC_002_LoginTest:33 - Clicked on Login button in Login page...
2025-06-21 00:27:32 INFO  TC_002_LoginTest:45 - **** Finished TC_002_LoginTest  ****
2025-06-21 00:28:43 INFO  TC_001_AccountRegistration:18 - **** Starting TC001_AccountRegistrationTest  ****
2025-06-21 00:28:43 DEBUG TC_001_AccountRegistration:19 - This is a debug log message
2025-06-21 00:28:43 INFO  TC_001_AccountRegistration:25 - Clicked on My Account link...
2025-06-21 00:28:43 INFO  TC_001_AccountRegistration:28 - Clicked on Register...
2025-06-21 00:28:43 INFO  TC_001_AccountRegistration:32 - Providing customer details...
2025-06-21 00:28:45 INFO  TC_001_AccountRegistration:18 - **** Starting TC001_AccountRegistrationTest  ****
2025-06-21 00:28:45 DEBUG TC_001_AccountRegistration:19 - This is a debug log message
2025-06-21 00:28:45 INFO  TC_001_AccountRegistration:25 - Clicked on My Account link...
2025-06-21 00:28:45 INFO  TC_001_AccountRegistration:47 - Validating expected Message... 
2025-06-21 00:28:45 INFO  TC_001_AccountRegistration:62 - Test Passed...
2025-06-21 00:28:45 INFO  TC_001_AccountRegistration:69 - ***** Finished TC001_AccountRegistrationTest *****
2025-06-21 00:28:45 INFO  TC_001_AccountRegistration:28 - Clicked on Register...
2025-06-21 00:28:45 INFO  TC_001_AccountRegistration:32 - Providing customer details...
2025-06-21 00:28:45 INFO  TC_001_AccountRegistration:69 - ***** Finished TC001_AccountRegistrationTest *****
