2025-07-05 00:14:30 INFO  TC_001_AccountRegistration:18 - **** Starting TC001_AccountRegistrationTest  ****
2025-07-05 00:14:30 DEBUG TC_001_AccountRegistration:19 - This is a debug log message
2025-07-05 00:14:30 INFO  TC_001_AccountRegistration:25 - Clicked on My Account link...
2025-07-05 00:14:31 INFO  TC_001_AccountRegistration:28 - Clicked on Register...
2025-07-05 00:14:31 INFO  TC_001_AccountRegistration:32 - Providing customer details...
2025-07-05 00:14:32 INFO  TC_001_AccountRegistration:47 - Validating expected Message... 
2025-07-05 00:14:32 INFO  TC_001_AccountRegistration:62 - Test Passed...
2025-07-05 00:14:32 INFO  TC_001_AccountRegistration:69 - ***** Finished TC001_AccountRegistrationTest *****
2025-07-05 00:14:34 INFO  TC_002_LoginTest:16 - **** Starting TC_002_LoginTest  ****
2025-07-05 00:14:34 DEBUG TC_002_LoginTest:17 - Capturing apllication debug logs
2025-07-05 00:14:34 INFO  TC_002_LoginTest:22 - Clicking on My account link in Home page...
2025-07-05 00:14:34 INFO  TC_002_LoginTest:24 - Clicking on Login link on Home page...
2025-07-05 00:14:34 INFO  TC_002_LoginTest:29 - Entering valid email id and password in Login page...
2025-07-05 00:14:35 INFO  TC_002_LoginTest:33 - Clicked on Login button in Login page...
2025-07-05 00:14:35 INFO  TC_002_LoginTest:45 - **** Finished TC_002_LoginTest  ****
2025-07-05 00:19:09 INFO  TC_001_AccountRegistration:18 - **** Starting TC001_AccountRegistrationTest  ****
2025-07-05 00:19:09 DEBUG TC_001_AccountRegistration:19 - This is a debug log message
2025-07-05 00:19:10 INFO  TC_001_AccountRegistration:25 - Clicked on My Account link...
2025-07-05 00:19:11 INFO  TC_001_AccountRegistration:28 - Clicked on Register...
2025-07-05 00:19:11 INFO  TC_001_AccountRegistration:32 - Providing customer details...
2025-07-05 00:19:13 INFO  TC_001_AccountRegistration:47 - Validating expected Message... 
2025-07-05 00:19:13 INFO  TC_001_AccountRegistration:62 - Test Passed...
2025-07-05 00:19:13 INFO  TC_001_AccountRegistration:69 - ***** Finished TC001_AccountRegistrationTest *****
2025-07-05 00:19:15 INFO  TC_002_LoginTest:16 - **** Starting TC_002_LoginTest  ****
2025-07-05 00:19:15 DEBUG TC_002_LoginTest:17 - Capturing apllication debug logs
2025-07-05 00:19:15 INFO  TC_002_LoginTest:22 - Clicking on My account link in Home page...
2025-07-05 00:19:15 INFO  TC_002_LoginTest:24 - Clicking on Login link on Home page...
2025-07-05 00:19:16 INFO  TC_002_LoginTest:29 - Entering valid email id and password in Login page...
2025-07-05 00:19:17 INFO  TC_002_LoginTest:33 - Clicked on Login button in Login page...
2025-07-05 00:19:17 INFO  TC_002_LoginTest:45 - **** Finished TC_002_LoginTest  ****
2025-07-05 00:20:21 INFO  TC_001_AccountRegistration:18 - **** Starting TC001_AccountRegistrationTest  ****
2025-07-05 00:20:21 DEBUG TC_001_AccountRegistration:19 - This is a debug log message
2025-07-05 00:20:21 INFO  TC_001_AccountRegistration:25 - Clicked on My Account link...
2025-07-05 00:20:22 INFO  TC_001_AccountRegistration:28 - Clicked on Register...
2025-07-05 00:20:22 INFO  TC_001_AccountRegistration:32 - Providing customer details...
2025-07-05 00:20:23 INFO  TC_001_AccountRegistration:47 - Validating expected Message... 
2025-07-05 00:20:23 INFO  TC_001_AccountRegistration:62 - Test Passed...
2025-07-05 00:20:23 INFO  TC_001_AccountRegistration:69 - ***** Finished TC001_AccountRegistrationTest *****
2025-07-05 00:20:25 INFO  TC_002_LoginTest:16 - **** Starting TC_002_LoginTest  ****
2025-07-05 00:20:25 DEBUG TC_002_LoginTest:17 - Capturing apllication debug logs
2025-07-05 00:20:25 INFO  TC_002_LoginTest:22 - Clicking on My account link in Home page...
2025-07-05 00:20:25 INFO  TC_002_LoginTest:24 - Clicking on Login link on Home page...
2025-07-05 00:20:25 INFO  TC_002_LoginTest:29 - Entering valid email id and password in Login page...
2025-07-05 00:20:25 INFO  TC_002_LoginTest:33 - Clicked on Login button in Login page...
2025-07-05 00:20:26 INFO  TC_002_LoginTest:45 - **** Finished TC_002_LoginTest  ****
2025-07-05 00:21:34 INFO  TC_001_AccountRegistration:18 - **** Starting TC001_AccountRegistrationTest  ****
2025-07-05 00:21:34 DEBUG TC_001_AccountRegistration:19 - This is a debug log message
2025-07-05 00:21:34 INFO  TC_001_AccountRegistration:25 - Clicked on My Account link...
2025-07-05 00:21:35 INFO  TC_001_AccountRegistration:28 - Clicked on Register...
2025-07-05 00:21:35 INFO  TC_001_AccountRegistration:32 - Providing customer details...
2025-07-05 00:21:36 INFO  TC_001_AccountRegistration:47 - Validating expected Message... 
2025-07-05 00:21:36 INFO  TC_001_AccountRegistration:62 - Test Passed...
2025-07-05 00:21:36 INFO  TC_001_AccountRegistration:69 - ***** Finished TC001_AccountRegistrationTest *****
2025-07-05 00:21:39 INFO  TC_002_LoginTest:16 - **** Starting TC_002_LoginTest  ****
2025-07-05 00:21:39 DEBUG TC_002_LoginTest:17 - Capturing apllication debug logs
2025-07-05 00:21:39 INFO  TC_002_LoginTest:22 - Clicking on My account link in Home page...
2025-07-05 00:21:39 INFO  TC_002_LoginTest:24 - Clicking on Login link on Home page...
2025-07-05 00:21:39 INFO  TC_002_LoginTest:29 - Entering valid email id and password in Login page...
2025-07-05 00:21:40 INFO  TC_002_LoginTest:33 - Clicked on Login button in Login page...
2025-07-05 00:21:40 INFO  TC_002_LoginTest:45 - **** Finished TC_002_LoginTest  ****
2025-07-05 00:25:25 INFO  TC_001_AccountRegistration:18 - **** Starting TC001_AccountRegistrationTest  ****
2025-07-05 00:25:25 DEBUG TC_001_AccountRegistration:19 - This is a debug log message
2025-07-05 00:25:26 INFO  TC_001_AccountRegistration:25 - Clicked on My Account link...
2025-07-05 00:25:26 INFO  TC_001_AccountRegistration:28 - Clicked on Register...
2025-07-05 00:25:26 INFO  TC_001_AccountRegistration:32 - Providing customer details...
2025-07-05 00:25:27 INFO  TC_001_AccountRegistration:47 - Validating expected Message... 
2025-07-05 00:25:27 INFO  TC_001_AccountRegistration:62 - Test Passed...
2025-07-05 00:25:27 INFO  TC_001_AccountRegistration:69 - ***** Finished TC001_AccountRegistrationTest *****
2025-07-05 00:25:30 INFO  TC_002_LoginTest:16 - **** Starting TC_002_LoginTest  ****
2025-07-05 00:25:30 DEBUG TC_002_LoginTest:17 - Capturing apllication debug logs
2025-07-05 00:25:30 INFO  TC_002_LoginTest:22 - Clicking on My account link in Home page...
2025-07-05 00:25:30 INFO  TC_002_LoginTest:24 - Clicking on Login link on Home page...
2025-07-05 00:25:30 INFO  TC_002_LoginTest:29 - Entering valid email id and password in Login page...
2025-07-05 00:25:30 INFO  TC_002_LoginTest:33 - Clicked on Login button in Login page...
2025-07-05 00:25:31 INFO  TC_002_LoginTest:45 - **** Finished TC_002_LoginTest  ****
2025-07-05 00:25:52 INFO  TC_001_AccountRegistration:18 - **** Starting TC001_AccountRegistrationTest  ****
2025-07-05 00:25:52 DEBUG TC_001_AccountRegistration:19 - This is a debug log message
2025-07-05 00:25:52 INFO  TC_001_AccountRegistration:25 - Clicked on My Account link...
2025-07-05 00:25:53 INFO  TC_001_AccountRegistration:28 - Clicked on Register...
2025-07-05 00:25:53 INFO  TC_001_AccountRegistration:32 - Providing customer details...
2025-07-05 00:25:54 INFO  TC_001_AccountRegistration:47 - Validating expected Message... 
2025-07-05 00:25:54 INFO  TC_001_AccountRegistration:62 - Test Passed...
2025-07-05 00:25:54 INFO  TC_001_AccountRegistration:69 - ***** Finished TC001_AccountRegistrationTest *****
2025-07-05 00:25:58 INFO  TC_002_LoginTest:16 - **** Starting TC_002_LoginTest  ****
2025-07-05 00:25:58 DEBUG TC_002_LoginTest:17 - Capturing apllication debug logs
2025-07-05 00:25:58 INFO  TC_002_LoginTest:22 - Clicking on My account link in Home page...
2025-07-05 00:25:59 INFO  TC_002_LoginTest:24 - Clicking on Login link on Home page...
2025-07-05 00:25:59 INFO  TC_002_LoginTest:29 - Entering valid email id and password in Login page...
2025-07-05 00:26:00 INFO  TC_002_LoginTest:33 - Clicked on Login button in Login page...
2025-07-05 00:26:00 INFO  TC_002_LoginTest:45 - **** Finished TC_002_LoginTest  ****
2025-07-05 00:32:02 INFO  TC_001_AccountRegistration:18 - **** Starting TC001_AccountRegistrationTest  ****
2025-07-05 00:32:02 DEBUG TC_001_AccountRegistration:19 - This is a debug log message
2025-07-05 00:32:02 INFO  TC_001_AccountRegistration:69 - ***** Finished TC001_AccountRegistrationTest *****
2025-07-05 00:33:29 INFO  TC_001_AccountRegistration:18 - **** Starting TC001_AccountRegistrationTest  ****
2025-07-05 00:33:29 DEBUG TC_001_AccountRegistration:19 - This is a debug log message
2025-07-05 00:33:29 INFO  TC_001_AccountRegistration:69 - ***** Finished TC001_AccountRegistrationTest *****
2025-07-05 01:13:40 INFO  TC_001_AccountRegistration:18 - **** Starting TC001_AccountRegistrationTest  ****
2025-07-05 01:13:40 DEBUG TC_001_AccountRegistration:19 - This is a debug log message
2025-07-05 01:13:40 INFO  TC_001_AccountRegistration:69 - ***** Finished TC001_AccountRegistrationTest *****
2025-07-05 01:17:27 INFO  TC_001_AccountRegistration:18 - **** Starting TC001_AccountRegistrationTest  ****
2025-07-05 01:17:27 DEBUG TC_001_AccountRegistration:19 - This is a debug log message
2025-07-05 01:17:27 INFO  TC_001_AccountRegistration:25 - Clicked on My Account link...
2025-07-05 01:17:28 INFO  TC_001_AccountRegistration:28 - Clicked on Register...
2025-07-05 01:17:28 INFO  TC_001_AccountRegistration:32 - Providing customer details...
2025-07-05 01:17:29 INFO  TC_001_AccountRegistration:47 - Validating expected Message... 
2025-07-05 01:17:29 INFO  TC_001_AccountRegistration:62 - Test Passed...
2025-07-05 01:17:29 INFO  TC_001_AccountRegistration:69 - ***** Finished TC001_AccountRegistrationTest *****
2025-07-05 01:17:31 INFO  TC_002_LoginTest:16 - **** Starting TC_002_LoginTest  ****
2025-07-05 01:17:31 DEBUG TC_002_LoginTest:17 - Capturing apllication debug logs
2025-07-05 01:17:31 INFO  TC_002_LoginTest:22 - Clicking on My account link in Home page...
2025-07-05 01:17:31 INFO  TC_002_LoginTest:24 - Clicking on Login link on Home page...
2025-07-05 01:17:31 INFO  TC_002_LoginTest:29 - Entering valid email id and password in Login page...
2025-07-05 01:17:32 INFO  TC_002_LoginTest:33 - Clicked on Login button in Login page...
2025-07-05 01:17:32 INFO  TC_002_LoginTest:45 - **** Finished TC_002_LoginTest  ****
2025-07-05 01:18:11 INFO  TC_001_AccountRegistration:18 - **** Starting TC001_AccountRegistrationTest  ****
2025-07-05 01:18:11 DEBUG TC_001_AccountRegistration:19 - This is a debug log message
2025-07-05 01:18:12 INFO  TC_001_AccountRegistration:25 - Clicked on My Account link...
2025-07-05 01:18:12 INFO  TC_001_AccountRegistration:28 - Clicked on Register...
2025-07-05 01:18:12 INFO  TC_001_AccountRegistration:32 - Providing customer details...
2025-07-05 01:18:13 INFO  TC_001_AccountRegistration:47 - Validating expected Message... 
2025-07-05 01:18:13 INFO  TC_001_AccountRegistration:62 - Test Passed...
2025-07-05 01:18:13 INFO  TC_001_AccountRegistration:69 - ***** Finished TC001_AccountRegistrationTest *****
2025-07-05 01:18:15 INFO  TC_002_LoginTest:16 - **** Starting TC_002_LoginTest  ****
2025-07-05 01:18:15 DEBUG TC_002_LoginTest:17 - Capturing apllication debug logs
2025-07-05 01:18:15 INFO  TC_002_LoginTest:22 - Clicking on My account link in Home page...
2025-07-05 01:18:15 INFO  TC_002_LoginTest:24 - Clicking on Login link on Home page...
2025-07-05 01:18:15 INFO  TC_002_LoginTest:29 - Entering valid email id and password in Login page...
2025-07-05 01:18:16 INFO  TC_002_LoginTest:33 - Clicked on Login button in Login page...
2025-07-05 01:18:16 INFO  TC_002_LoginTest:45 - **** Finished TC_002_LoginTest  ****
2025-07-05 01:18:44 INFO  TC_002_LoginTest:16 - **** Starting TC_002_LoginTest  ****
2025-07-05 01:18:44 DEBUG TC_002_LoginTest:17 - Capturing apllication debug logs
2025-07-05 01:18:44 INFO  TC_002_LoginTest:22 - Clicking on My account link in Home page...
2025-07-05 01:18:44 INFO  TC_002_LoginTest:24 - Clicking on Login link on Home page...
2025-07-05 01:18:44 INFO  TC_002_LoginTest:29 - Entering valid email id and password in Login page...
2025-07-05 01:18:45 INFO  TC_002_LoginTest:33 - Clicked on Login button in Login page...
2025-07-05 01:18:45 INFO  TC_002_LoginTest:45 - **** Finished TC_002_LoginTest  ****
