2025-05-19 21:39:14 INFO  TC_001_AccountRegistration:18 - **** Starting TC001_AccountRegistrationTest  ****
2025-05-19 21:39:14 DEBUG TC_001_AccountRegistration:19 - This is a debug log message
2025-05-19 21:39:14 INFO  TC_001_AccountRegistration:25 - Clicked on My Account link...
2025-05-19 21:39:14 INFO  TC_001_AccountRegistration:28 - Clicked on Register...
2025-05-19 21:39:14 INFO  TC_001_AccountRegistration:32 - Providing customer details...
2025-05-19 21:39:16 INFO  TC_001_AccountRegistration:47 - Validating expected Message... 
2025-05-19 21:39:16 INFO  TC_001_AccountRegistration:62 - Test Passed...
2025-05-19 21:39:16 INFO  TC_001_AccountRegistration:69 - ***** Finished TC001_AccountRegistrationTest *****
2025-05-19 21:39:18 INFO  TC_002_LoginTest:16 - **** Starting TC_002_LoginTest  ****
2025-05-19 21:39:18 DEBUG TC_002_LoginTest:17 - Capturing apllication debug logs
2025-05-19 21:39:18 INFO  TC_002_LoginTest:22 - Clicking on My account link in Home page...
2025-05-19 21:39:19 INFO  TC_002_LoginTest:24 - Clicking on Login link on Home page...
2025-05-19 21:39:19 INFO  TC_002_LoginTest:29 - Entering valid email id and password in Login page...
2025-05-19 21:39:19 INFO  TC_002_LoginTest:33 - Clicked on Login button in Login page...
2025-05-19 21:39:20 INFO  TC_002_LoginTest:45 - **** Finished TC_002_LoginTest  ****
2025-05-19 22:47:37 INFO  TC_001_AccountRegistration:18 - **** Starting TC001_AccountRegistrationTest  ****
2025-05-19 22:47:37 DEBUG TC_001_AccountRegistration:19 - This is a debug log message
2025-05-19 22:47:37 INFO  TC_001_AccountRegistration:25 - Clicked on My Account link...
2025-05-19 22:47:37 INFO  TC_001_AccountRegistration:28 - Clicked on Register...
2025-05-19 22:47:37 INFO  TC_001_AccountRegistration:32 - Providing customer details...
2025-05-19 22:47:39 INFO  TC_001_AccountRegistration:47 - Validating expected Message... 
2025-05-19 22:47:39 INFO  TC_001_AccountRegistration:62 - Test Passed...
2025-05-19 22:47:39 INFO  TC_001_AccountRegistration:69 - ***** Finished TC001_AccountRegistrationTest *****
2025-05-19 22:47:41 INFO  TC_002_LoginTest:16 - **** Starting TC_002_LoginTest  ****
2025-05-19 22:47:41 DEBUG TC_002_LoginTest:17 - Capturing apllication debug logs
2025-05-19 22:47:41 INFO  TC_002_LoginTest:22 - Clicking on My account link in Home page...
2025-05-19 22:47:41 INFO  TC_002_LoginTest:24 - Clicking on Login link on Home page...
2025-05-19 22:47:41 INFO  TC_002_LoginTest:29 - Entering valid email id and password in Login page...
2025-05-19 22:47:41 INFO  TC_002_LoginTest:33 - Clicked on Login button in Login page...
2025-05-19 22:47:42 INFO  TC_002_LoginTest:45 - **** Finished TC_002_LoginTest  ****
2025-05-19 22:48:31 INFO  TC_001_AccountRegistration:18 - **** Starting TC001_AccountRegistrationTest  ****
2025-05-19 22:48:31 DEBUG TC_001_AccountRegistration:19 - This is a debug log message
2025-05-19 22:48:31 INFO  TC_001_AccountRegistration:25 - Clicked on My Account link...
2025-05-19 22:48:31 INFO  TC_001_AccountRegistration:28 - Clicked on Register...
2025-05-19 22:48:31 INFO  TC_001_AccountRegistration:32 - Providing customer details...
2025-05-19 22:48:32 INFO  TC_001_AccountRegistration:47 - Validating expected Message... 
2025-05-19 22:48:32 INFO  TC_001_AccountRegistration:62 - Test Passed...
2025-05-19 22:48:32 INFO  TC_001_AccountRegistration:69 - ***** Finished TC001_AccountRegistrationTest *****
2025-05-19 22:48:34 INFO  TC_002_LoginTest:16 - **** Starting TC_002_LoginTest  ****
2025-05-19 22:48:34 DEBUG TC_002_LoginTest:17 - Capturing apllication debug logs
2025-05-19 22:48:34 INFO  TC_002_LoginTest:22 - Clicking on My account link in Home page...
2025-05-19 22:48:34 INFO  TC_002_LoginTest:24 - Clicking on Login link on Home page...
2025-05-19 22:48:34 INFO  TC_002_LoginTest:29 - Entering valid email id and password in Login page...
2025-05-19 22:48:35 INFO  TC_002_LoginTest:33 - Clicked on Login button in Login page...
