2025-05-16 00:02:05 INFO  TC_001_AccountRegistration:16 - **** Starting TC001_AccountRegistrationTest  ****
2025-05-16 00:02:05 DEBUG TC_001_AccountRegistration:17 - This is a debug log message
2025-05-16 00:02:05 INFO  TC_001_AccountRegistration:23 - Clicked on My Account link...
2025-05-16 00:02:05 INFO  TC_001_AccountRegistration:26 - Clicked on Register...
2025-05-16 00:02:05 INFO  TC_001_AccountRegistration:30 - Providing customer details...
2025-05-16 00:02:06 INFO  TC_001_AccountRegistration:47 - Validating expected Message... 
2025-05-16 00:02:06 INFO  TC_001_AccountRegistration:50 - Test Passed...
2025-05-16 00:02:06 INFO  TC_001_AccountRegistration:58 - ***** Finished TC001_AccountRegistrationTest *****
2025-05-16 00:10:01 INFO  TC_001_AccountRegistration:18 - **** Starting TC001_AccountRegistrationTest  ****
2025-05-16 00:10:01 DEBUG TC_001_AccountRegistration:19 - This is a debug log message
2025-05-16 00:10:01 INFO  TC_001_AccountRegistration:25 - Clicked on My Account link...
2025-05-16 00:10:01 INFO  TC_001_AccountRegistration:28 - Clicked on Register...
2025-05-16 00:10:01 INFO  TC_001_AccountRegistration:32 - Providing customer details...
2025-05-16 00:10:04 INFO  TC_001_AccountRegistration:47 - Validating expected Message... 
2025-05-16 00:10:04 ERROR TC_001_AccountRegistration:54 - Test failed... 
2025-05-16 00:10:04 DEBUG TC_001_AccountRegistration:55 - Debug Logs... 
2025-05-16 00:10:04 INFO  TC_001_AccountRegistration:69 - ***** Finished TC001_AccountRegistrationTest *****
2025-05-16 00:32:56 INFO  TC_001_AccountRegistration:18 - **** Starting TC001_AccountRegistrationTest  ****
2025-05-16 00:32:56 DEBUG TC_001_AccountRegistration:19 - This is a debug log message
2025-05-16 00:32:57 INFO  TC_001_AccountRegistration:25 - Clicked on My Account link...
2025-05-16 00:32:57 INFO  TC_001_AccountRegistration:28 - Clicked on Register...
2025-05-16 00:32:57 INFO  TC_001_AccountRegistration:32 - Providing customer details...
2025-05-16 00:32:58 INFO  TC_001_AccountRegistration:47 - Validating expected Message... 
2025-05-16 00:32:58 INFO  TC_001_AccountRegistration:62 - Test Passed...
2025-05-16 00:32:58 INFO  TC_001_AccountRegistration:69 - ***** Finished TC001_AccountRegistrationTest *****
2025-05-16 00:33:18 INFO  TC_001_AccountRegistration:18 - **** Starting TC001_AccountRegistrationTest  ****
2025-05-16 00:33:18 DEBUG TC_001_AccountRegistration:19 - This is a debug log message
2025-05-16 00:33:18 INFO  TC_001_AccountRegistration:25 - Clicked on My Account link...
2025-05-16 00:33:18 INFO  TC_001_AccountRegistration:28 - Clicked on Register...
2025-05-16 00:33:18 INFO  TC_001_AccountRegistration:32 - Providing customer details...
2025-05-16 00:33:19 INFO  TC_001_AccountRegistration:47 - Validating expected Message... 
2025-05-16 00:33:19 INFO  TC_001_AccountRegistration:62 - Test Passed...
2025-05-16 00:33:19 INFO  TC_001_AccountRegistration:69 - ***** Finished TC001_AccountRegistrationTest *****
2025-05-16 00:40:48 INFO  TC_001_AccountRegistration:18 - **** Starting TC001_AccountRegistrationTest  ****
2025-05-16 00:40:48 DEBUG TC_001_AccountRegistration:19 - This is a debug log message
2025-05-16 00:40:49 INFO  TC_001_AccountRegistration:25 - Clicked on My Account link...
2025-05-16 00:40:49 INFO  TC_001_AccountRegistration:28 - Clicked on Register...
2025-05-16 00:40:49 INFO  TC_001_AccountRegistration:32 - Providing customer details...
2025-05-16 00:40:50 INFO  TC_001_AccountRegistration:47 - Validating expected Message... 
2025-05-16 00:40:50 INFO  TC_001_AccountRegistration:62 - Test Passed...
2025-05-16 00:40:50 INFO  TC_001_AccountRegistration:69 - ***** Finished TC001_AccountRegistrationTest *****
2025-05-16 00:40:52 INFO  TC_001_AccountRegistration:18 - **** Starting TC001_AccountRegistrationTest  ****
2025-05-16 00:40:52 DEBUG TC_001_AccountRegistration:19 - This is a debug log message
2025-05-16 00:40:52 INFO  TC_001_AccountRegistration:25 - Clicked on My Account link...
2025-05-16 00:40:52 INFO  TC_001_AccountRegistration:28 - Clicked on Register...
2025-05-16 00:40:52 INFO  TC_001_AccountRegistration:32 - Providing customer details...
2025-05-16 00:40:54 INFO  TC_001_AccountRegistration:47 - Validating expected Message... 
2025-05-16 00:40:54 INFO  TC_001_AccountRegistration:62 - Test Passed...
2025-05-16 00:40:54 INFO  TC_001_AccountRegistration:69 - ***** Finished TC001_AccountRegistrationTest *****
2025-05-16 00:41:17 INFO  TC_001_AccountRegistration:18 - **** Starting TC001_AccountRegistrationTest  ****
2025-05-16 00:41:17 DEBUG TC_001_AccountRegistration:19 - This is a debug log message
2025-05-16 00:41:18 INFO  TC_001_AccountRegistration:25 - Clicked on My Account link...
2025-05-16 00:41:18 INFO  TC_001_AccountRegistration:28 - Clicked on Register...
2025-05-16 00:41:18 INFO  TC_001_AccountRegistration:32 - Providing customer details...
2025-05-16 00:41:19 INFO  TC_001_AccountRegistration:47 - Validating expected Message... 
2025-05-16 00:41:19 INFO  TC_001_AccountRegistration:62 - Test Passed...
2025-05-16 00:41:19 INFO  TC_001_AccountRegistration:69 - ***** Finished TC001_AccountRegistrationTest *****
2025-05-16 00:42:08 INFO  TC_001_AccountRegistration:18 - **** Starting TC001_AccountRegistrationTest  ****
2025-05-16 00:42:08 DEBUG TC_001_AccountRegistration:19 - This is a debug log message
2025-05-16 00:42:08 INFO  TC_001_AccountRegistration:18 - **** Starting TC001_AccountRegistrationTest  ****
2025-05-16 00:42:08 DEBUG TC_001_AccountRegistration:19 - This is a debug log message
2025-05-16 00:42:08 INFO  TC_001_AccountRegistration:25 - Clicked on My Account link...
2025-05-16 00:42:08 INFO  TC_001_AccountRegistration:25 - Clicked on My Account link...
2025-05-16 00:42:08 INFO  TC_001_AccountRegistration:28 - Clicked on Register...
2025-05-16 00:42:08 INFO  TC_001_AccountRegistration:32 - Providing customer details...
2025-05-16 00:42:08 INFO  TC_001_AccountRegistration:28 - Clicked on Register...
2025-05-16 00:42:08 INFO  TC_001_AccountRegistration:32 - Providing customer details...
2025-05-16 00:42:10 INFO  TC_001_AccountRegistration:47 - Validating expected Message... 
2025-05-16 00:42:10 INFO  TC_001_AccountRegistration:62 - Test Passed...
2025-05-16 00:42:10 INFO  TC_001_AccountRegistration:69 - ***** Finished TC001_AccountRegistrationTest *****
2025-05-16 00:42:10 INFO  TC_001_AccountRegistration:47 - Validating expected Message... 
2025-05-16 00:42:10 INFO  TC_001_AccountRegistration:62 - Test Passed...
2025-05-16 00:42:10 INFO  TC_001_AccountRegistration:69 - ***** Finished TC001_AccountRegistrationTest *****
2025-05-16 00:42:11 INFO  TC_001_AccountRegistration:18 - **** Starting TC001_AccountRegistrationTest  ****
2025-05-16 00:42:11 DEBUG TC_001_AccountRegistration:19 - This is a debug log message
2025-05-16 00:42:11 INFO  TC_001_AccountRegistration:25 - Clicked on My Account link...
2025-05-16 00:42:12 INFO  TC_001_AccountRegistration:28 - Clicked on Register...
2025-05-16 00:42:12 INFO  TC_001_AccountRegistration:32 - Providing customer details...
2025-05-16 00:42:15 INFO  TC_001_AccountRegistration:47 - Validating expected Message... 
2025-05-16 00:42:15 INFO  TC_001_AccountRegistration:62 - Test Passed...
2025-05-16 00:42:15 INFO  TC_001_AccountRegistration:69 - ***** Finished TC001_AccountRegistrationTest *****
2025-05-16 00:57:36 INFO  TC_001_AccountRegistration:18 - **** Starting TC001_AccountRegistrationTest  ****
2025-05-16 00:57:36 DEBUG TC_001_AccountRegistration:19 - This is a debug log message
2025-05-16 00:57:36 INFO  TC_001_AccountRegistration:25 - Clicked on My Account link...
2025-05-16 00:57:37 INFO  TC_001_AccountRegistration:28 - Clicked on Register...
2025-05-16 00:57:37 INFO  TC_001_AccountRegistration:32 - Providing customer details...
2025-05-16 00:57:38 INFO  TC_001_AccountRegistration:47 - Validating expected Message... 
2025-05-16 00:57:38 INFO  TC_001_AccountRegistration:62 - Test Passed...
2025-05-16 00:57:38 INFO  TC_001_AccountRegistration:69 - ***** Finished TC001_AccountRegistrationTest *****
2025-05-16 18:58:32 INFO  TC_002_LoginTest:16 - **** Starting TC_002_LoginTest  ****
2025-05-16 18:58:32 DEBUG TC_002_LoginTest:17 - Capturing apllication debug logs
2025-05-16 18:58:32 INFO  TC_002_LoginTest:22 - Clicking on My account link in Home page...
2025-05-16 18:58:32 INFO  TC_002_LoginTest:24 - Clicking on Login link on Home page...
2025-05-16 18:58:32 INFO  TC_002_LoginTest:29 - Entering valid email id and password in Login page...
2025-05-16 18:58:33 INFO  TC_002_LoginTest:33 - Clicked on Login button in Login page...
2025-05-16 18:58:33 INFO  TC_002_LoginTest:45 - **** Finished TC_002_LoginTest  ****
2025-05-16 19:04:44 INFO  TC_002_LoginTest:16 - **** Starting TC_002_LoginTest  ****
2025-05-16 19:04:44 DEBUG TC_002_LoginTest:17 - Capturing apllication debug logs
2025-05-16 19:04:44 INFO  TC_002_LoginTest:22 - Clicking on My account link in Home page...
2025-05-16 19:04:44 INFO  TC_002_LoginTest:24 - Clicking on Login link on Home page...
2025-05-16 19:04:44 INFO  TC_002_LoginTest:29 - Entering valid email id and password in Login page...
2025-05-16 19:04:45 INFO  TC_002_LoginTest:33 - Clicked on Login button in Login page...
2025-05-16 19:04:45 INFO  TC_002_LoginTest:45 - **** Finished TC_002_LoginTest  ****
2025-05-16 19:09:51 INFO  TC_002_LoginTest:16 - **** Starting TC_002_LoginTest  ****
2025-05-16 19:09:51 DEBUG TC_002_LoginTest:17 - Capturing apllication debug logs
2025-05-16 19:09:51 INFO  TC_002_LoginTest:22 - Clicking on My account link in Home page...
2025-05-16 19:09:51 INFO  TC_002_LoginTest:24 - Clicking on Login link on Home page...
2025-05-16 19:09:55 INFO  TC_002_LoginTest:29 - Entering valid email id and password in Login page...
2025-05-16 19:09:55 INFO  TC_002_LoginTest:33 - Clicked on Login button in Login page...
2025-05-16 19:10:37 INFO  TC_002_LoginTest:45 - **** Finished TC_002_LoginTest  ****
2025-05-16 19:12:49 INFO  TC_002_LoginTest:16 - **** Starting TC_002_LoginTest  ****
2025-05-16 19:12:49 DEBUG TC_002_LoginTest:17 - Capturing apllication debug logs
2025-05-16 19:12:49 INFO  TC_002_LoginTest:22 - Clicking on My account link in Home page...
2025-05-16 19:12:49 INFO  TC_002_LoginTest:24 - Clicking on Login link on Home page...
2025-05-16 19:12:50 INFO  TC_002_LoginTest:29 - Entering valid email id and password in Login page...
2025-05-16 19:12:50 INFO  TC_002_LoginTest:33 - Clicked on Login button in Login page...
2025-05-16 19:12:50 INFO  TC_002_LoginTest:45 - **** Finished TC_002_LoginTest  ****
2025-05-16 19:16:56 INFO  TC_002_LoginTest:16 - **** Starting TC_002_LoginTest  ****
2025-05-16 19:16:56 DEBUG TC_002_LoginTest:17 - Capturing apllication debug logs
2025-05-16 19:16:56 INFO  TC_002_LoginTest:22 - Clicking on My account link in Home page...
2025-05-16 19:16:56 INFO  TC_002_LoginTest:24 - Clicking on Login link on Home page...
2025-05-16 19:16:57 INFO  TC_002_LoginTest:29 - Entering valid email id and password in Login page...
2025-05-16 19:16:57 INFO  TC_002_LoginTest:33 - Clicked on Login button in Login page...
2025-05-16 19:16:58 INFO  TC_002_LoginTest:45 - **** Finished TC_002_LoginTest  ****
2025-05-16 19:18:48 INFO  TC_002_LoginTest:16 - **** Starting TC_002_LoginTest  ****
2025-05-16 19:18:48 DEBUG TC_002_LoginTest:17 - Capturing apllication debug logs
2025-05-16 19:18:48 INFO  TC_002_LoginTest:22 - Clicking on My account link in Home page...
2025-05-16 19:18:48 INFO  TC_002_LoginTest:24 - Clicking on Login link on Home page...
2025-05-16 19:18:49 INFO  TC_002_LoginTest:29 - Entering valid email id and password in Login page...
2025-05-16 19:18:49 INFO  TC_002_LoginTest:33 - Clicked on Login button in Login page...
2025-05-16 19:18:50 INFO  TC_002_LoginTest:45 - **** Finished TC_002_LoginTest  ****
