2025-07-16 22:35:24 DEBUG TestNG:82 - suiteXmlPath: "C:\Users\user\OneDrive\Desktop\Java Selenium\Java Training\Opencart\master.xml"
2025-07-16 22:58:39 DEBUG TestNG:82 - suiteXmlPath: "C:\Users\user\OneDrive\Desktop\Java Selenium\Java Training\Opencart\master.xml"
2025-07-16 22:58:46 INFO  TC_001_AccountRegistration:18 - **** Starting TC001_AccountRegistrationTest  ****
2025-07-16 22:58:46 DEBUG TC_001_AccountRegistration:19 - This is a debug log message
2025-07-16 22:58:46 INFO  TC_001_AccountRegistration:25 - Clicked on My Account link...
2025-07-16 22:58:46 INFO  TC_001_AccountRegistration:28 - Clicked on Register...
2025-07-16 22:58:46 INFO  TC_001_AccountRegistration:32 - Providing customer details...
2025-07-16 22:58:48 INFO  TC_001_AccountRegistration:47 - Validating expected Message... 
2025-07-16 22:58:48 INFO  TC_001_AccountRegistration:62 - Test Passed...
2025-07-16 22:58:48 INFO  TC_001_AccountRegistration:69 - ***** Finished TC001_AccountRegistrationTest *****
2025-07-16 22:58:51 INFO  TC_002_LoginTest:16 - **** Starting TC_002_LoginTest  ****
2025-07-16 22:58:51 DEBUG TC_002_LoginTest:17 - Capturing apllication debug logs
2025-07-16 22:58:51 INFO  TC_002_LoginTest:22 - Clicking on My account link in Home page...
2025-07-16 22:58:51 INFO  TC_002_LoginTest:24 - Clicking on Login link on Home page...
2025-07-16 22:58:51 INFO  TC_002_LoginTest:29 - Entering valid email id and password in Login page...
2025-07-16 22:58:51 INFO  TC_002_LoginTest:33 - Clicked on Login button in Login page...
2025-07-16 22:58:52 INFO  TC_002_LoginTest:45 - **** Finished TC_002_LoginTest  ****
2025-07-16 23:18:04 DEBUG TestNG:82 - suiteXmlPath: "C:\Users\user\OneDrive\Desktop\Java Selenium\Java Training\Opencart\master.xml"
2025-07-16 23:18:09 INFO  TC_001_AccountRegistration:18 - **** Starting TC001_AccountRegistrationTest  ****
2025-07-16 23:18:09 DEBUG TC_001_AccountRegistration:19 - This is a debug log message
2025-07-16 23:18:09 INFO  TC_001_AccountRegistration:25 - Clicked on My Account link...
2025-07-16 23:18:10 INFO  TC_001_AccountRegistration:28 - Clicked on Register...
2025-07-16 23:18:10 INFO  TC_001_AccountRegistration:32 - Providing customer details...
2025-07-16 23:18:12 INFO  TC_001_AccountRegistration:47 - Validating expected Message... 
2025-07-16 23:18:12 INFO  TC_001_AccountRegistration:62 - Test Passed...
2025-07-16 23:18:12 INFO  TC_001_AccountRegistration:69 - ***** Finished TC001_AccountRegistrationTest *****
2025-07-16 23:18:14 INFO  TC_002_LoginTest:16 - **** Starting TC_002_LoginTest  ****
2025-07-16 23:18:14 DEBUG TC_002_LoginTest:17 - Capturing apllication debug logs
2025-07-16 23:18:14 INFO  TC_002_LoginTest:22 - Clicking on My account link in Home page...
2025-07-16 23:18:15 INFO  TC_002_LoginTest:24 - Clicking on Login link on Home page...
2025-07-16 23:18:15 INFO  TC_002_LoginTest:29 - Entering valid email id and password in Login page...
2025-07-16 23:18:15 INFO  TC_002_LoginTest:33 - Clicked on Login button in Login page...
2025-07-16 23:18:16 INFO  TC_002_LoginTest:45 - **** Finished TC_002_LoginTest  ****
