2025-07-06 23:03:03 INFO  TC_001_AccountRegistration:18 - **** Starting TC001_AccountRegistrationTest  ****
2025-07-06 23:03:03 DEBUG TC_001_AccountRegistration:19 - This is a debug log message
2025-07-06 23:03:03 INFO  TC_001_AccountRegistration:69 - ***** Finished TC001_AccountRegistrationTest *****
2025-07-06 23:20:09 INFO  TC_001_AccountRegistration:18 - **** Starting TC001_AccountRegistrationTest  ****
2025-07-06 23:20:09 DEBUG TC_001_AccountRegistration:19 - This is a debug log message
2025-07-06 23:20:09 INFO  TC_001_AccountRegistration:25 - Clicked on My Account link...
2025-07-06 23:20:10 INFO  TC_001_AccountRegistration:28 - Clicked on Register...
2025-07-06 23:20:10 INFO  TC_001_AccountRegistration:32 - Providing customer details...
2025-07-06 23:20:12 INFO  TC_001_AccountRegistration:47 - Validating expected Message... 
2025-07-06 23:20:12 INFO  TC_001_AccountRegistration:62 - Test Passed...
2025-07-06 23:20:12 INFO  TC_001_AccountRegistration:69 - ***** Finished TC001_AccountRegistrationTest *****
2025-07-06 23:20:14 INFO  TC_002_LoginTest:16 - **** Starting TC_002_LoginTest  ****
2025-07-06 23:20:14 DEBUG TC_002_LoginTest:17 - Capturing apllication debug logs
2025-07-06 23:20:14 INFO  TC_002_LoginTest:22 - Clicking on My account link in Home page...
2025-07-06 23:20:14 INFO  TC_002_LoginTest:24 - Clicking on Login link on Home page...
2025-07-06 23:20:14 INFO  TC_002_LoginTest:29 - Entering valid email id and password in Login page...
2025-07-06 23:20:15 INFO  TC_002_LoginTest:33 - Clicked on Login button in Login page...
2025-07-06 23:20:15 INFO  TC_002_LoginTest:45 - **** Finished TC_002_LoginTest  ****
2025-07-06 23:20:25 INFO  TC_001_AccountRegistration:18 - **** Starting TC001_AccountRegistrationTest  ****
2025-07-06 23:20:25 DEBUG TC_001_AccountRegistration:19 - This is a debug log message
2025-07-06 23:20:25 INFO  TC_001_AccountRegistration:25 - Clicked on My Account link...
2025-07-06 23:20:26 INFO  TC_001_AccountRegistration:28 - Clicked on Register...
2025-07-06 23:20:26 INFO  TC_001_AccountRegistration:32 - Providing customer details...
2025-07-06 23:20:27 INFO  TC_001_AccountRegistration:47 - Validating expected Message... 
2025-07-06 23:20:27 INFO  TC_001_AccountRegistration:62 - Test Passed...
2025-07-06 23:20:27 INFO  TC_001_AccountRegistration:69 - ***** Finished TC001_AccountRegistrationTest *****
2025-07-06 23:20:31 INFO  TC_002_LoginTest:16 - **** Starting TC_002_LoginTest  ****
2025-07-06 23:20:31 DEBUG TC_002_LoginTest:17 - Capturing apllication debug logs
2025-07-06 23:20:31 INFO  TC_002_LoginTest:22 - Clicking on My account link in Home page...
2025-07-06 23:20:31 INFO  TC_002_LoginTest:24 - Clicking on Login link on Home page...
2025-07-06 23:20:32 INFO  TC_002_LoginTest:29 - Entering valid email id and password in Login page...
2025-07-06 23:20:32 INFO  TC_002_LoginTest:33 - Clicked on Login button in Login page...
2025-07-06 23:20:33 INFO  TC_002_LoginTest:45 - **** Finished TC_002_LoginTest  ****
2025-07-06 23:45:22 DEBUG TestNG:82 - suiteXmlPath: "C:\Users\user\OneDrive\Desktop\Java Selenium\Java Training\Opencart\master.xml"
2025-07-06 23:46:25 DEBUG TestNG:82 - suiteXmlPath: "C:\Users\user\OneDrive\Desktop\Java Selenium\Java Training\Opencart\master.xml"
2025-07-06 23:51:07 DEBUG TestNG:82 - suiteXmlPath: "C:\Users\user\OneDrive\Desktop\Java Selenium\Java Training\Opencart\master.xml"
